2023-05-22T19:12:08.061+0530 [DEBUG] [org.gradle.launcher.daemon.bootstrap.DaemonMain] Assuming the daemon was started with following jvm opts: [--add-opens=java.base/java.util=ALL-UNNAMED, --add-opens=java.base/java.lang=ALL-UNNAMED, --add-opens=java.base/java.lang.invoke=ALL-UNNAMED, --add-opens=java.prefs/java.util.prefs=ALL-UNNAMED, --add-opens=java.base/java.nio.charset=ALL-UNNAMED, --add-opens=java.base/java.net=ALL-UNNAMED, --add-opens=java.base/java.util.concurrent.atomic=ALL-UNNAMED, -Xmx2048m, -Dfile.encoding=UTF-8, -Duser.country=US, -Duser.language=en, -Duser.variant]
2023-05-22T19:12:08.869+0530 [DEBUG] [org.gradle.internal.nativeintegration.services.NativeServices] Native-platform posix files integration is not available. Continuing with fallback.
2023-05-22T19:12:08.902+0530 [INFO] [org.gradle.launcher.daemon.server.Daemon] start() called on daemon - DefaultDaemonContext[uid=848c776c-e746-45a6-a955-05a6a5cc0b4c,javaHome=C:\Users\Piyush\.jdks\openjdk-19.0.2,daemonRegistryDir=C:\Users\Piyush\AndroidStudioProjects\Klim8\daemon,pid=13276,idleTimeout=10800000,priority=NORMAL,daemonOpts=--add-opens=java.base/java.util=ALL-UNNAMED,--add-opens=java.base/java.lang=ALL-UNNAMED,--add-opens=java.base/java.lang.invoke=ALL-UNNAMED,--add-opens=java.prefs/java.util.prefs=ALL-UNNAMED,--add-opens=java.base/java.nio.charset=ALL-UNNAMED,--add-opens=java.base/java.net=ALL-UNNAMED,--add-opens=java.base/java.util.concurrent.atomic=ALL-UNNAMED,-Xmx2048m,-Dfile.encoding=UTF-8,-Duser.country=US,-Duser.language=en,-Duser.variant]
2023-05-22T19:12:09.159+0530 [DEBUG] [org.gradle.internal.remote.internal.inet.InetAddresses] Adding IP addresses for network interface Software Loopback Interface 1
2023-05-22T19:12:09.164+0530 [DEBUG] [org.gradle.internal.remote.internal.inet.InetAddresses] Is this a loopback interface? true
2023-05-22T19:12:09.166+0530 [DEBUG] [org.gradle.internal.remote.internal.inet.InetAddresses] Adding loopback address /127.0.0.1
2023-05-22T19:12:09.167+0530 [DEBUG] [org.gradle.internal.remote.internal.inet.InetAddresses] Adding loopback address /0:0:0:0:0:0:0:1
2023-05-22T19:12:09.167+0530 [DEBUG] [org.gradle.internal.remote.internal.inet.InetAddresses] Adding IP addresses for network interface Microsoft 6to4 Adapter
2023-05-22T19:12:09.171+0530 [DEBUG] [org.gradle.internal.remote.internal.inet.InetAddresses] Is this a loopback interface? false
2023-05-22T19:12:09.172+0530 [DEBUG] [org.gradle.internal.remote.internal.inet.InetAddresses] Adding IP addresses for network interface WAN Miniport (PPPOE)
2023-05-22T19:12:09.176+0530 [DEBUG] [org.gradle.internal.remote.internal.inet.InetAddresses] Is this a loopback interface? false
2023-05-22T19:12:09.177+0530 [DEBUG] [org.gradle.internal.remote.internal.inet.InetAddresses] Adding IP addresses for network interface RAS Async Adapter
2023-05-22T19:12:09.182+0530 [DEBUG] [org.gradle.internal.remote.internal.inet.InetAddresses] Is this a loopback interface? false
2023-05-22T19:12:09.183+0530 [DEBUG] [org.gradle.internal.remote.internal.inet.InetAddresses] Adding IP addresses for network interface Microsoft IP-HTTPS Platform Adapter
2023-05-22T19:12:09.190+0530 [DEBUG] [org.gradle.internal.remote.internal.inet.InetAddresses] Is this a loopback interface? false
2023-05-22T19:12:09.191+0530 [DEBUG] [org.gradle.internal.remote.internal.inet.InetAddresses] Adding IP addresses for network interface Microsoft Kernel Debug Network Adapter
2023-05-22T19:12:09.200+0530 [DEBUG] [org.gradle.internal.remote.internal.inet.InetAddresses] Is this a loopback interface? false
2023-05-22T19:12:09.201+0530 [DEBUG] [org.gradle.internal.remote.internal.inet.InetAddresses] Adding IP addresses for network interface WAN Miniport (IKEv2)
2023-05-22T19:12:09.206+0530 [DEBUG] [org.gradle.internal.remote.internal.inet.InetAddresses] Is this a loopback interface? false
2023-05-22T19:12:09.207+0530 [DEBUG] [org.gradle.internal.remote.internal.inet.InetAddresses] Adding IP addresses for network interface Microsoft Wi-Fi Direct Virtual Adapter #2
2023-05-22T19:12:09.218+0530 [DEBUG] [org.gradle.internal.remote.internal.inet.InetAddresses] Is this a loopback interface? false
2023-05-22T19:12:09.223+0530 [DEBUG] [org.gradle.internal.remote.internal.inet.InetAddresses] Adding remote address /fe80:0:0:0:ecdc:d117:700a:b289%wlan0
2023-05-22T19:12:09.224+0530 [DEBUG] [org.gradle.internal.remote.internal.inet.InetAddresses] Adding IP addresses for network interface DW1501 Wireless-N WLAN Half-Mini Card
2023-05-22T19:12:09.233+0530 [DEBUG] [org.gradle.internal.remote.internal.inet.InetAddresses] Is this a loopback interface? false
2023-05-22T19:12:09.236+0530 [DEBUG] [org.gradle.internal.remote.internal.inet.InetAddresses] Adding remote address /192.168.1.24
2023-05-22T19:12:09.236+0530 [DEBUG] [org.gradle.internal.remote.internal.inet.InetAddresses] Adding remote address /fe80:0:0:0:78af:8fe:80c:a3ac%wlan1
2023-05-22T19:12:09.237+0530 [DEBUG] [org.gradle.internal.remote.internal.inet.InetAddresses] Adding IP addresses for network interface Microsoft Wi-Fi Direct Virtual Adapter
2023-05-22T19:12:09.243+0530 [DEBUG] [org.gradle.internal.remote.internal.inet.InetAddresses] Is this a loopback interface? false
2023-05-22T19:12:09.244+0530 [DEBUG] [org.gradle.internal.remote.internal.inet.InetAddresses] Adding remote address /fe80:0:0:0:921f:e33f:9736:77ac%wlan2
2023-05-22T19:12:09.244+0530 [DEBUG] [org.gradle.internal.remote.internal.inet.InetAddresses] Adding IP addresses for network interface WAN Miniport (L2TP)
2023-05-22T19:12:09.252+0530 [DEBUG] [org.gradle.internal.remote.internal.inet.InetAddresses] Is this a loopback interface? false
2023-05-22T19:12:09.253+0530 [DEBUG] [org.gradle.internal.remote.internal.inet.InetAddresses] Adding IP addresses for network interface Microsoft Teredo Tunneling Adapter
2023-05-22T19:12:09.257+0530 [DEBUG] [org.gradle.internal.remote.internal.inet.InetAddresses] Is this a loopback interface? false
2023-05-22T19:12:09.257+0530 [DEBUG] [org.gradle.internal.remote.internal.inet.InetAddresses] Adding IP addresses for network interface WAN Miniport (PPTP)
2023-05-22T19:12:09.263+0530 [DEBUG] [org.gradle.internal.remote.internal.inet.InetAddresses] Is this a loopback interface? false
2023-05-22T19:12:09.264+0530 [DEBUG] [org.gradle.internal.remote.internal.inet.InetAddresses] Adding IP addresses for network interface WAN Miniport (IP)
2023-05-22T19:12:09.269+0530 [DEBUG] [org.gradle.internal.remote.internal.inet.InetAddresses] Is this a loopback interface? false
2023-05-22T19:12:09.271+0530 [DEBUG] [org.gradle.internal.remote.internal.inet.InetAddresses] Adding IP addresses for network interface Intel(R) 82579LM Gigabit Network Connection
2023-05-22T19:12:09.278+0530 [DEBUG] [org.gradle.internal.remote.internal.inet.InetAddresses] Is this a loopback interface? false
2023-05-22T19:12:09.279+0530 [DEBUG] [org.gradle.internal.remote.internal.inet.InetAddresses] Adding remote address /fe80:0:0:0:6a27:8346:69a0:ed5e%eth2
2023-05-22T19:12:09.279+0530 [DEBUG] [org.gradle.internal.remote.internal.inet.InetAddresses] Adding IP addresses for network interface WAN Miniport (IPv6)
2023-05-22T19:12:09.284+0530 [DEBUG] [org.gradle.internal.remote.internal.inet.InetAddresses] Is this a loopback interface? false
2023-05-22T19:12:09.285+0530 [DEBUG] [org.gradle.internal.remote.internal.inet.InetAddresses] Adding IP addresses for network interface WAN Miniport (Network Monitor)
2023-05-22T19:12:09.289+0530 [DEBUG] [org.gradle.internal.remote.internal.inet.InetAddresses] Is this a loopback interface? false
2023-05-22T19:12:09.289+0530 [DEBUG] [org.gradle.internal.remote.internal.inet.InetAddresses] Adding IP addresses for network interface WAN Miniport (SSTP)
2023-05-22T19:12:09.295+0530 [DEBUG] [org.gradle.internal.remote.internal.inet.InetAddresses] Is this a loopback interface? false
2023-05-22T19:12:09.295+0530 [DEBUG] [org.gradle.internal.remote.internal.inet.InetAddresses] Adding IP addresses for network interface Intel(R) 82579LM Gigabit Network Connection-WFP Native MAC Layer LightWeight Filter-0000
2023-05-22T19:12:09.299+0530 [DEBUG] [org.gradle.internal.remote.internal.inet.InetAddresses] Is this a loopback interface? false
2023-05-22T19:12:09.303+0530 [DEBUG] [org.gradle.internal.remote.internal.inet.InetAddresses] Adding IP addresses for network interface Intel(R) 82579LM Gigabit Network Connection-QoS Packet Scheduler-0000
2023-05-22T19:12:09.307+0530 [DEBUG] [org.gradle.internal.remote.internal.inet.InetAddresses] Is this a loopback interface? false
2023-05-22T19:12:09.309+0530 [DEBUG] [org.gradle.internal.remote.internal.inet.InetAddresses] Adding IP addresses for network interface Intel(R) 82579LM Gigabit Network Connection-WFP 802.3 MAC Layer LightWeight Filter-0000
2023-05-22T19:12:09.314+0530 [DEBUG] [org.gradle.internal.remote.internal.inet.InetAddresses] Is this a loopback interface? false
2023-05-22T19:12:09.314+0530 [DEBUG] [org.gradle.internal.remote.internal.inet.InetAddresses] Adding IP addresses for network interface DW1501 Wireless-N WLAN Half-Mini Card-WFP Native MAC Layer LightWeight Filter-0000
2023-05-22T19:12:09.320+0530 [DEBUG] [org.gradle.internal.remote.internal.inet.InetAddresses] Is this a loopback interface? false
2023-05-22T19:12:09.320+0530 [DEBUG] [org.gradle.internal.remote.internal.inet.InetAddresses] Adding IP addresses for network interface DW1501 Wireless-N WLAN Half-Mini Card-Virtual WiFi Filter Driver-0000
2023-05-22T19:12:09.324+0530 [DEBUG] [org.gradle.internal.remote.internal.inet.InetAddresses] Is this a loopback interface? false
2023-05-22T19:12:09.325+0530 [DEBUG] [org.gradle.internal.remote.internal.inet.InetAddresses] Adding IP addresses for network interface DW1501 Wireless-N WLAN Half-Mini Card-Native WiFi Filter Driver-0000
2023-05-22T19:12:09.329+0530 [DEBUG] [org.gradle.internal.remote.internal.inet.InetAddresses] Is this a loopback interface? false
2023-05-22T19:12:09.329+0530 [DEBUG] [org.gradle.internal.remote.internal.inet.InetAddresses] Adding IP addresses for network interface DW1501 Wireless-N WLAN Half-Mini Card-QoS Packet Scheduler-0000
2023-05-22T19:12:09.334+0530 [DEBUG] [org.gradle.internal.remote.internal.inet.InetAddresses] Is this a loopback interface? false
2023-05-22T19:12:09.335+0530 [DEBUG] [org.gradle.internal.remote.internal.inet.InetAddresses] Adding IP addresses for network interface DW1501 Wireless-N WLAN Half-Mini Card-WFP 802.3 MAC Layer LightWeight Filter-0000
2023-05-22T19:12:09.338+0530 [DEBUG] [org.gradle.internal.remote.internal.inet.InetAddresses] Is this a loopback interface? false
2023-05-22T19:12:09.340+0530 [DEBUG] [org.gradle.internal.remote.internal.inet.InetAddresses] Adding IP addresses for network interface Microsoft Wi-Fi Direct Virtual Adapter-WFP Native MAC Layer LightWeight Filter-0000
2023-05-22T19:12:09.345+0530 [DEBUG] [org.gradle.internal.remote.internal.inet.InetAddresses] Is this a loopback interface? false
2023-05-22T19:12:09.349+0530 [DEBUG] [org.gradle.internal.remote.internal.inet.InetAddresses] Adding IP addresses for network interface Microsoft Wi-Fi Direct Virtual Adapter-Native WiFi Filter Driver-0000
2023-05-22T19:12:09.360+0530 [DEBUG] [org.gradle.internal.remote.internal.inet.InetAddresses] Is this a loopback interface? false
2023-05-22T19:12:09.360+0530 [DEBUG] [org.gradle.internal.remote.internal.inet.InetAddresses] Adding IP addresses for network interface Microsoft Wi-Fi Direct Virtual Adapter-QoS Packet Scheduler-0000
2023-05-22T19:12:09.365+0530 [DEBUG] [org.gradle.internal.remote.internal.inet.InetAddresses] Is this a loopback interface? false
2023-05-22T19:12:09.365+0530 [DEBUG] [org.gradle.internal.remote.internal.inet.InetAddresses] Adding IP addresses for network interface Microsoft Wi-Fi Direct Virtual Adapter-WFP 802.3 MAC Layer LightWeight Filter-0000
2023-05-22T19:12:09.369+0530 [DEBUG] [org.gradle.internal.remote.internal.inet.InetAddresses] Is this a loopback interface? false
2023-05-22T19:12:09.369+0530 [DEBUG] [org.gradle.internal.remote.internal.inet.InetAddresses] Adding IP addresses for network interface WAN Miniport (IP)-WFP Native MAC Layer LightWeight Filter-0000
2023-05-22T19:12:09.376+0530 [DEBUG] [org.gradle.internal.remote.internal.inet.InetAddresses] Is this a loopback interface? false
2023-05-22T19:12:09.376+0530 [DEBUG] [org.gradle.internal.remote.internal.inet.InetAddresses] Adding IP addresses for network interface WAN Miniport (IP)-QoS Packet Scheduler-0000
2023-05-22T19:12:09.380+0530 [DEBUG] [org.gradle.internal.remote.internal.inet.InetAddresses] Is this a loopback interface? false
2023-05-22T19:12:09.380+0530 [DEBUG] [org.gradle.internal.remote.internal.inet.InetAddresses] Adding IP addresses for network interface WAN Miniport (IPv6)-WFP Native MAC Layer LightWeight Filter-0000
2023-05-22T19:12:09.384+0530 [DEBUG] [org.gradle.internal.remote.internal.inet.InetAddresses] Is this a loopback interface? false
2023-05-22T19:12:09.385+0530 [DEBUG] [org.gradle.internal.remote.internal.inet.InetAddresses] Adding IP addresses for network interface WAN Miniport (IPv6)-QoS Packet Scheduler-0000
2023-05-22T19:12:09.388+0530 [DEBUG] [org.gradle.internal.remote.internal.inet.InetAddresses] Is this a loopback interface? false
2023-05-22T19:12:09.389+0530 [DEBUG] [org.gradle.internal.remote.internal.inet.InetAddresses] Adding IP addresses for network interface WAN Miniport (Network Monitor)-WFP Native MAC Layer LightWeight Filter-0000
2023-05-22T19:12:09.392+0530 [DEBUG] [org.gradle.internal.remote.internal.inet.InetAddresses] Is this a loopback interface? false
2023-05-22T19:12:09.393+0530 [DEBUG] [org.gradle.internal.remote.internal.inet.InetAddresses] Adding IP addresses for network interface WAN Miniport (Network Monitor)-QoS Packet Scheduler-0000
2023-05-22T19:12:09.397+0530 [DEBUG] [org.gradle.internal.remote.internal.inet.InetAddresses] Is this a loopback interface? false
2023-05-22T19:12:09.397+0530 [DEBUG] [org.gradle.internal.remote.internal.inet.InetAddresses] Adding IP addresses for network interface Microsoft Wi-Fi Direct Virtual Adapter #2-WFP Native MAC Layer LightWeight Filter-0000
2023-05-22T19:12:09.401+0530 [DEBUG] [org.gradle.internal.remote.internal.inet.InetAddresses] Is this a loopback interface? false
2023-05-22T19:12:09.401+0530 [DEBUG] [org.gradle.internal.remote.internal.inet.InetAddresses] Adding IP addresses for network interface Microsoft Wi-Fi Direct Virtual Adapter #2-Native WiFi Filter Driver-0000
2023-05-22T19:12:09.406+0530 [DEBUG] [org.gradle.internal.remote.internal.inet.InetAddresses] Is this a loopback interface? false
2023-05-22T19:12:09.406+0530 [DEBUG] [org.gradle.internal.remote.internal.inet.InetAddresses] Adding IP addresses for network interface Microsoft Wi-Fi Direct Virtual Adapter #2-QoS Packet Scheduler-0000
2023-05-22T19:12:09.410+0530 [DEBUG] [org.gradle.internal.remote.internal.inet.InetAddresses] Is this a loopback interface? false
2023-05-22T19:12:09.410+0530 [DEBUG] [org.gradle.internal.remote.internal.inet.InetAddresses] Adding IP addresses for network interface Microsoft Wi-Fi Direct Virtual Adapter #2-WFP 802.3 MAC Layer LightWeight Filter-0000
2023-05-22T19:12:09.414+0530 [DEBUG] [org.gradle.internal.remote.internal.inet.InetAddresses] Is this a loopback interface? false
2023-05-22T19:12:09.426+0530 [DEBUG] [org.gradle.internal.remote.internal.inet.TcpIncomingConnector] Listening on [6aa477b0-a451-46cb-9d92-34e1a868ac88 port:49289, addresses:[localhost/127.0.0.1]].
2023-05-22T19:12:09.485+0530 [DEBUG] [org.gradle.launcher.daemon.server.Daemon] Daemon starting at: Mon May 22 19:12:09 IST 2023, with address: [6aa477b0-a451-46cb-9d92-34e1a868ac88 port:49289, addresses:[localhost/127.0.0.1]]
2023-05-22T19:12:09.486+0530 [INFO] [org.gradle.launcher.daemon.server.DaemonRegistryUpdater] Advertising the daemon address to the clients: [6aa477b0-a451-46cb-9d92-34e1a868ac88 port:49289, addresses:[localhost/127.0.0.1]]
2023-05-22T19:12:09.487+0530 [DEBUG] [org.gradle.launcher.daemon.server.DaemonRegistryUpdater] Advertised daemon context: DefaultDaemonContext[uid=848c776c-e746-45a6-a955-05a6a5cc0b4c,javaHome=C:\Users\Piyush\.jdks\openjdk-19.0.2,daemonRegistryDir=C:\Users\Piyush\AndroidStudioProjects\Klim8\daemon,pid=13276,idleTimeout=10800000,priority=NORMAL,daemonOpts=--add-opens=java.base/java.util=ALL-UNNAMED,--add-opens=java.base/java.lang=ALL-UNNAMED,--add-opens=java.base/java.lang.invoke=ALL-UNNAMED,--add-opens=java.prefs/java.util.prefs=ALL-UNNAMED,--add-opens=java.base/java.nio.charset=ALL-UNNAMED,--add-opens=java.base/java.net=ALL-UNNAMED,--add-opens=java.base/java.util.concurrent.atomic=ALL-UNNAMED,-Xmx2048m,-Dfile.encoding=UTF-8,-Duser.country=US,-Duser.language=en,-Duser.variant]
2023-05-22T19:12:09.489+0530 [DEBUG] [org.gradle.launcher.daemon.registry.PersistentDaemonRegistry] Storing daemon address: [6aa477b0-a451-46cb-9d92-34e1a868ac88 port:49289, addresses:[localhost/127.0.0.1]], context: DefaultDaemonContext[uid=848c776c-e746-45a6-a955-05a6a5cc0b4c,javaHome=C:\Users\Piyush\.jdks\openjdk-19.0.2,daemonRegistryDir=C:\Users\Piyush\AndroidStudioProjects\Klim8\daemon,pid=13276,idleTimeout=10800000,priority=NORMAL,daemonOpts=--add-opens=java.base/java.util=ALL-UNNAMED,--add-opens=java.base/java.lang=ALL-UNNAMED,--add-opens=java.base/java.lang.invoke=ALL-UNNAMED,--add-opens=java.prefs/java.util.prefs=ALL-UNNAMED,--add-opens=java.base/java.nio.charset=ALL-UNNAMED,--add-opens=java.base/java.net=ALL-UNNAMED,--add-opens=java.base/java.util.concurrent.atomic=ALL-UNNAMED,-Xmx2048m,-Dfile.encoding=UTF-8,-Duser.country=US,-Duser.language=en,-Duser.variant]
2023-05-22T19:12:09.527+0530 [DEBUG] [org.gradle.cache.internal.DefaultFileLockManager] Waiting to acquire exclusive lock on daemon addresses registry.
2023-05-22T19:12:09.538+0530 [DEBUG] [org.gradle.cache.internal.DefaultFileLockManager] Lock acquired on daemon addresses registry.
2023-05-22T19:12:09.552+0530 [DEBUG] [org.gradle.cache.internal.DefaultFileLockManager] Releasing lock on daemon addresses registry.
2023-05-22T19:12:09.557+0530 [LIFECYCLE] [org.gradle.launcher.daemon.server.Daemon] Daemon server started.
2023-05-22T19:12:09.559+0530 [DEBUG] [org.gradle.launcher.daemon.bootstrap.DaemonStartupCommunication] Completed writing the daemon greeting. Closing streams...
2023-05-22T19:12:09.582+0530 [DEBUG] [org.gradle.launcher.daemon.server.Daemon] stopOnExpiration() called on daemon
2023-05-22T19:12:09.584+0530 [DEBUG] [org.gradle.launcher.daemon.server.Daemon] awaitExpiration() called on daemon
2023-05-22T19:12:09.585+0530 [DEBUG] [org.gradle.launcher.daemon.server.DaemonStateCoordinator] daemon is running. Sleeping until state changes.
2023-05-22T19:12:09.598+0530 [DEBUG] [org.gradle.internal.remote.internal.inet.TcpIncomingConnector] Accepted connection from /127.0.0.1:49290 to /127.0.0.1:49289.
2023-05-22T19:12:09.872+0530 [DEBUG] [org.gradle.launcher.daemon.server.SynchronizedDispatchConnection] thread 31: received class org.gradle.launcher.daemon.protocol.Build
2023-05-22T19:12:09.873+0530 [DEBUG] [org.gradle.launcher.daemon.server.DefaultDaemonConnection] thread 31: Received non-IO message from client: Build{id=08e7ed95-cf83-49a2-b76d-e42abdccc273, currentDir=C:\Users\Piyush\AndroidStudioProjects\Klim8}
2023-05-22T19:12:09.873+0530 [INFO] [org.gradle.launcher.daemon.server.DefaultIncomingConnectionHandler] Received command: Build{id=08e7ed95-cf83-49a2-b76d-e42abdccc273, currentDir=C:\Users\Piyush\AndroidStudioProjects\Klim8}.
2023-05-22T19:12:09.874+0530 [DEBUG] [org.gradle.launcher.daemon.server.DefaultIncomingConnectionHandler] Starting executing command: Build{id=08e7ed95-cf83-49a2-b76d-e42abdccc273, currentDir=C:\Users\Piyush\AndroidStudioProjects\Klim8} with connection: socket connection from /127.0.0.1:49289 to /127.0.0.1:49290.
2023-05-22T19:12:09.879+0530 [DEBUG] [org.gradle.launcher.daemon.server.DaemonStateCoordinator] Command execution: started DaemonCommandExecution[command = Build{id=08e7ed95-cf83-49a2-b76d-e42abdccc273, currentDir=C:\Users\Piyush\AndroidStudioProjects\Klim8}, connection = DefaultDaemonConnection: socket connection from /127.0.0.1:49289 to /127.0.0.1:49290] after 0.0 minutes of idle
2023-05-22T19:12:09.880+0530 [INFO] [org.gradle.launcher.daemon.server.DaemonRegistryUpdater] Marking the daemon as busy, address: [6aa477b0-a451-46cb-9d92-34e1a868ac88 port:49289, addresses:[localhost/127.0.0.1]]
2023-05-22T19:12:09.880+0530 [DEBUG] [org.gradle.launcher.daemon.registry.PersistentDaemonRegistry] Marking busy by address: [6aa477b0-a451-46cb-9d92-34e1a868ac88 port:49289, addresses:[localhost/127.0.0.1]]
2023-05-22T19:12:09.883+0530 [DEBUG] [org.gradle.cache.internal.DefaultFileLockManager] Waiting to acquire exclusive lock on daemon addresses registry.
2023-05-22T19:12:09.885+0530 [DEBUG] [org.gradle.cache.internal.DefaultFileLockManager] Lock acquired on daemon addresses registry.
2023-05-22T19:12:09.924+0530 [DEBUG] [org.gradle.cache.internal.DefaultFileLockManager] Releasing lock on daemon addresses registry.
2023-05-22T19:12:09.925+0530 [DEBUG] [org.gradle.launcher.daemon.server.DaemonStateCoordinator] resetting idle timer
2023-05-22T19:12:09.926+0530 [DEBUG] [org.gradle.launcher.daemon.server.DaemonStateCoordinator] daemon is running. Sleeping until state changes.
2023-05-22T19:12:09.948+0530 [INFO] [org.gradle.launcher.daemon.server.exec.StartBuildOrRespondWithBusy] Daemon is about to start building Build{id=08e7ed95-cf83-49a2-b76d-e42abdccc273, currentDir=C:\Users\Piyush\AndroidStudioProjects\Klim8}. Dispatching build started information...
2023-05-22T19:12:09.948+0530 [DEBUG] [org.gradle.launcher.daemon.server.SynchronizedDispatchConnection] thread 33: dispatching org.gradle.launcher.daemon.protocol.BuildStarted@62f4f6fa
2023-05-22T19:12:09.954+0530 [DEBUG] [org.gradle.launcher.daemon.server.exec.EstablishBuildEnvironment] Configuring env variables: [USERDOMAIN_ROAMINGPROFILE, LOCALAPPDATA, PROCESSOR_LEVEL, USERDOMAIN, LOGONSERVER, FPS_BROWSER_APP_PROFILE_STRING, JAVA_HOME, SESSIONNAME, ALLUSERSPROFILE, PROCESSOR_ARCHITECTURE, PSModulePath, SystemDrive, OneDrive, APPDATA, USERNAME, ProgramFiles(x86), CommonProgramFiles, Path, FPS_BROWSER_USER_PROFILE_STRING, PATHEXT, DriverData, OS, COMPUTERNAME, IntelliJ IDEA Community Edition, PROCESSOR_REVISION, CommonProgramW6432, ComSpec, ProgramData, ProgramW6432, TEMP, HOMEPATH, SystemRoot, PROCESSOR_IDENTIFIER, HOMEDRIVE, USERPROFILE, TMP, CommonProgramFiles(x86), ProgramFiles, PUBLIC, windir, NUMBER_OF_PROCESSORS, =::, IDEA_INITIAL_DIRECTORY]
2023-05-22T19:12:09.967+0530 [DEBUG] [org.gradle.launcher.daemon.server.exec.LogToClient] About to start relaying all logs to the client via the connection.
2023-05-22T19:12:09.968+0530 [INFO] [org.gradle.launcher.daemon.server.exec.LogToClient] The client will now receive all logging from the daemon (pid: 13276). The daemon log file: C:\Users\Piyush\AndroidStudioProjects\Klim8\daemon\7.6\daemon-13276.out.log
2023-05-22T19:12:09.974+0530 [INFO] [org.gradle.launcher.daemon.server.exec.LogAndCheckHealth] Starting build in new daemon [memory: 2 GiB]
2023-05-22T19:12:09.987+0530 [DEBUG] [org.gradle.launcher.daemon.server.exec.ExecuteBuild] The daemon has started executing the build.
2023-05-22T19:12:09.996+0530 [DEBUG] [org.gradle.launcher.daemon.server.exec.ExecuteBuild] Executing build with daemon context: DefaultDaemonContext[uid=848c776c-e746-45a6-a955-05a6a5cc0b4c,javaHome=C:\Users\Piyush\.jdks\openjdk-19.0.2,daemonRegistryDir=C:\Users\Piyush\AndroidStudioProjects\Klim8\daemon,pid=13276,idleTimeout=10800000,priority=NORMAL,daemonOpts=--add-opens=java.base/java.util=ALL-UNNAMED,--add-opens=java.base/java.lang=ALL-UNNAMED,--add-opens=java.base/java.lang.invoke=ALL-UNNAMED,--add-opens=java.prefs/java.util.prefs=ALL-UNNAMED,--add-opens=java.base/java.nio.charset=ALL-UNNAMED,--add-opens=java.base/java.net=ALL-UNNAMED,--add-opens=java.base/java.util.concurrent.atomic=ALL-UNNAMED,-Xmx2048m,-Dfile.encoding=UTF-8,-Duser.country=US,-Duser.language=en,-Duser.variant]
w: C:\Users\Piyush\AndroidStudioProjects\Klim8\app\src\main\java\klim8\activities\authentication\CreateAccountActivity.kt: (20, 13): 'onBackPressed(): Unit' is deprecated. Overrides deprecated member in 'androidx.core.app.ComponentActivity'. Deprecated in Java
w: C:\Users\Piyush\AndroidStudioProjects\Klim8\app\src\main\java\klim8\activities\authentication\MainActivity.kt: (37, 47): 'getColor(Int): Int' is deprecated. Deprecated in Java
w: C:\Users\Piyush\AndroidStudioProjects\Klim8\app\src\main\java\klim8\activities\authentication\MainActivity.kt: (51, 51): 'getColor(Int): Int' is deprecated. Deprecated in Java
w: C:\Users\Piyush\AndroidStudioProjects\Klim8\app\src\main\java\klim8\activities\authentication\MainActivity.kt: (55, 57): 'getColor(Int): Int' is deprecated. Deprecated in Java
w: C:\Users\Piyush\AndroidStudioProjects\Klim8\app\src\main\java\klim8\activities\authentication\MainActivity.kt: (58, 56): 'getColor(Int): Int' is deprecated. Deprecated in Java
w: C:\Users\Piyush\AndroidStudioProjects\Klim8\app\src\main\java\klim8\activities\authentication\MainActivity.kt: (61, 53): 'getColor(Int): Int' is deprecated. Deprecated in Java
w: C:\Users\Piyush\AndroidStudioProjects\Klim8\app\src\main\java\klim8\activities\authentication\MainActivity.kt: (69, 57): 'getColor(Int): Int' is deprecated. Deprecated in Java
w: C:\Users\Piyush\AndroidStudioProjects\Klim8\app\src\main\java\klim8\activities\authentication\MainActivity.kt: (73, 51): 'getColor(Int): Int' is deprecated. Deprecated in Java
w: C:\Users\Piyush\AndroidStudioProjects\Klim8\app\src\main\java\klim8\activities\authentication\MainActivity.kt: (77, 56): 'getColor(Int): Int' is deprecated. Deprecated in Java
w: C:\Users\Piyush\AndroidStudioProjects\Klim8\app\src\main\java\klim8\activities\authentication\MainActivity.kt: (81, 53): 'getColor(Int): Int' is deprecated. Deprecated in Java
w: C:\Users\Piyush\AndroidStudioProjects\Klim8\app\src\main\java\klim8\activities\authentication\MainActivity.kt: (89, 53): 'getColor(Int): Int' is deprecated. Deprecated in Java
w: C:\Users\Piyush\AndroidStudioProjects\Klim8\app\src\main\java\klim8\activities\authentication\MainActivity.kt: (94, 56): 'getColor(Int): Int' is deprecated. Deprecated in Java
w: C:\Users\Piyush\AndroidStudioProjects\Klim8\app\src\main\java\klim8\activities\authentication\MainActivity.kt: (98, 51): 'getColor(Int): Int' is deprecated. Deprecated in Java
w: C:\Users\Piyush\AndroidStudioProjects\Klim8\app\src\main\java\klim8\activities\authentication\MainActivity.kt: (101, 57): 'getColor(Int): Int' is deprecated. Deprecated in Java
w: C:\Users\Piyush\AndroidStudioProjects\Klim8\app\src\main\java\klim8\activities\authentication\MainActivity.kt: (109, 56): 'getColor(Int): Int' is deprecated. Deprecated in Java
w: C:\Users\Piyush\AndroidStudioProjects\Klim8\app\src\main\java\klim8\activities\authentication\MainActivity.kt: (114, 53): 'getColor(Int): Int' is deprecated. Deprecated in Java
w: C:\Users\Piyush\AndroidStudioProjects\Klim8\app\src\main\java\klim8\activities\authentication\MainActivity.kt: (118, 51): 'getColor(Int): Int' is deprecated. Deprecated in Java
w: C:\Users\Piyush\AndroidStudioProjects\Klim8\app\src\main\java\klim8\activities\authentication\MainActivity.kt: (121, 57): 'getColor(Int): Int' is deprecated. Deprecated in Java
w: C:\Users\Piyush\AndroidStudioProjects\Klim8\app\src\main\java\klim8\activities\authentication\SplashScreen.kt: (19, 40): 'FLAG_FULLSCREEN: Int' is deprecated. Deprecated in Java
w: C:\Users\Piyush\AndroidStudioProjects\Klim8\app\src\main\java\klim8\activities\authentication\SplashScreen.kt: (20, 40): 'FLAG_FULLSCREEN: Int' is deprecated. Deprecated in Java
w: C:\Users\Piyush\AndroidStudioProjects\Klim8\app\src\main\java\klim8\activities\challenges\OfyChallengeActivity.kt: (3, 20): 'FragmentTransaction' is deprecated. Deprecated in Java
w: C:\Users\Piyush\AndroidStudioProjects\Klim8\app\src\main\java\klim8\fragment\challenge\commuting\CommutingFragmentQuestion1.kt: (32, 18): 'requireFragmentManager(): FragmentManager' is deprecated. Deprecated in Java
w: C:\Users\Piyush\AndroidStudioProjects\Klim8\app\src\main\java\klim8\fragment\challenge\commuting\CommutingFragmentQuestion2.kt: (28, 18): 'requireFragmentManager(): FragmentManager' is deprecated. Deprecated in Java
w: C:\Users\Piyush\AndroidStudioProjects\Klim8\app\src\main\java\klim8\fragment\challenge\commuting\CommutingFragmentQuestion3.kt: (29, 18): 'requireFragmentManager(): FragmentManager' is deprecated. Deprecated in Java
w: C:\Users\Piyush\AndroidStudioProjects\Klim8\app\src\main\java\klim8\fragment\challenge\commuting\CommutingFragmentQuestion4.kt: (29, 18): 'requireFragmentManager(): FragmentManager' is deprecated. Deprecated in Java
w: C:\Users\Piyush\AndroidStudioProjects\Klim8\app\src\main\java\klim8\fragment\challenge\commuting\CommutingFragmentQuestion5.kt: (28, 18): 'requireFragmentManager(): FragmentManager' is deprecated. Deprecated in Java
w: C:\Users\Piyush\AndroidStudioProjects\Klim8\app\src\main\java\klim8\fragment\challenge\litebite\LiteBiteFragmentQuestion2.kt: (27, 18): 'requireFragmentManager(): FragmentManager' is deprecated. Deprecated in Java
w: C:\Users\Piyush\AndroidStudioProjects\Klim8\app\src\main\java\klim8\fragment\challenge\litebite\LiteBiteFragmentQuestion3.kt: (29, 18): 'requireFragmentManager(): FragmentManager' is deprecated. Deprecated in Java
w: C:\Users\Piyush\AndroidStudioProjects\Klim8\app\src\main\java\klim8\fragment\challenge\litebite\LiteBiteFragmentQuestion4.kt: (30, 18): 'requireFragmentManager(): FragmentManager' is deprecated. Deprecated in Java
w: C:\Users\Piyush\AndroidStudioProjects\Klim8\app\src\main\java\klim8\fragment\challenge\litebite\LiteBiteFragmentQuestion5.kt: (32, 18): 'requireFragmentManager(): FragmentManager' is deprecated. Deprecated in Java
w: C:\Users\Piyush\AndroidStudioProjects\Klim8\app\src\main\java\klim8\fragment\challenge\litebite\LiteBiteFragmentQuestion6.kt: (29, 18): 'requireFragmentManager(): FragmentManager' is deprecated. Deprecated in Java
w: C:\Users\Piyush\AndroidStudioProjects\Klim8\app\src\main\java\klim8\fragment\challenge\litebite\LiteBiteQuestion1Fragment.kt: (27, 18): 'requireFragmentManager(): FragmentManager' is deprecated. Deprecated in Java
w: C:\Users\Piyush\AndroidStudioProjects\Klim8\app\src\main\java\klim8\fragment\challenge\onlyforyou\OfyChallengeQ1.kt: (30, 10): 'requireFragmentManager(): FragmentManager' is deprecated. Deprecated in Java
w: C:\Users\Piyush\AndroidStudioProjects\Klim8\app\src\main\java\klim8\fragment\challenge\onlyforyou\OfyChallengeQ2.kt: (29, 16): 'requireFragmentManager(): FragmentManager' is deprecated. Deprecated in Java
w: C:\Users\Piyush\AndroidStudioProjects\Klim8\app\src\main\java\klim8\fragment\challenge\shopping\ShoppingFragmentQuestion1.kt: (29, 25): 'requireFragmentManager(): FragmentManager' is deprecated. Deprecated in Java
w: C:\Users\Piyush\AndroidStudioProjects\Klim8\app\src\main\java\klim8\fragment\challenge\shopping\ShoppingFragmentQuestion2.kt: (29, 27): 'requireFragmentManager(): FragmentManager' is deprecated. Deprecated in Java
w: C:\Users\Piyush\AndroidStudioProjects\Klim8\app\src\main\java\klim8\fragment\challenge\shopping\ShoppingFragmentQuestion3.kt: (29, 27): 'requireFragmentManager(): FragmentManager' is deprecated. Deprecated in Java
w: C:\Users\Piyush\AndroidStudioProjects\Klim8\app\src\main\java\klim8\fragment\challenge\shopping\ShoppingFragmentQuestion4.kt: (29, 27): 'requireFragmentManager(): FragmentManager' is deprecated. Deprecated in Java
w: C:\Users\Piyush\AndroidStudioProjects\Klim8\app\src\main\java\klim8\fragment\challenge\shopping\ShoppingFragmentQuestion5.kt: (29, 27): 'requireFragmentManager(): FragmentManager' is deprecated. Deprecated in Java
w: C:\Users\Piyush\AndroidStudioProjects\Klim8\app\src\main\java\klim8\fragment\challenge\shopping\ShoppingFragmentQuestion6.kt: (30, 27): 'requireFragmentManager(): FragmentManager' is deprecated. Deprecated in Java
w: C:\Users\Piyush\AndroidStudioProjects\Klim8\app\src\main\java\klim8\fragment\challenge\shopping\ShoppingFragmentQuestion7.kt: (3, 20): 'Fragment' is deprecated. Deprecated in Java
w: C:\Users\Piyush\AndroidStudioProjects\Klim8\app\src\main\java\klim8\fragment\challenge\shopping\ShoppingFragmentQuestion7.kt: (4, 20): 'FragmentTransaction' is deprecated. Deprecated in Java
w: C:\Users\Piyush\AndroidStudioProjects\Klim8\app\src\main\java\klim8\fragment\challenge\shopping\ShoppingFragmentQuestion7.kt: (21, 31): 'FragmentTransaction' is deprecated. Deprecated in Java
w: C:\Users\Piyush\AndroidStudioProjects\Klim8\app\src\main\java\klim8\fragment\challenge\waste\WasteFragmentQuestion1Kotlin.kt: (33, 17): 'requireFragmentManager(): FragmentManager' is deprecated. Deprecated in Java
w: C:\Users\Piyush\AndroidStudioProjects\Klim8\app\src\main\java\klim8\fragment\challenge\waste\WasteFragmentQuestion2Kotlin.kt: (34, 16): 'requireFragmentManager(): FragmentManager' is deprecated. Deprecated in Java
w: C:\Users\Piyush\AndroidStudioProjects\Klim8\app\src\main\java\klim8\fragment\challenge\waste\WasteFragmentQuestion3Kotlin.kt: (31, 16): 'requireFragmentManager(): FragmentManager' is deprecated. Deprecated in Java
w: C:\Users\Piyush\AndroidStudioProjects\Klim8\app\src\main\java\klim8\fragment\challenge\waste\WasteFragmentQuestion4Kotlin.kt: (33, 16): 'requireFragmentManager(): FragmentManager' is deprecated. Deprecated in Java
w: C:\Users\Piyush\AndroidStudioProjects\Klim8\app\src\main\java\klim8\fragment\challenge\waste\WasteFragmentQuestion5Kotlin.kt: (34, 16): 'requireFragmentManager(): FragmentManager' is deprecated. Deprecated in Java
w: C:\Users\Piyush\AndroidStudioProjects\Klim8\app\src\main\java\klim8\fragment\challenge\waste\WasteFragmentQuestion6Kotlin.kt: (31, 16): 'requireFragmentManager(): FragmentManager' is deprecated. Deprecated in Java
w: C:\Users\Piyush\AndroidStudioProjects\Klim8\app\src\main\java\klim8\fragment\challenge\waste\WasteFragmentQuestion7Kotlin.kt: (32, 16): 'requireFragmentManager(): FragmentManager' is deprecated. Deprecated in Java
w: C:\Users\Piyush\AndroidStudioProjects\Klim8\app\src\main\java\klim8\fragment\challenge\waste\WasteFragmentQuestion8Kotlin.kt: (29, 16): 'requireFragmentManager(): FragmentManager' is deprecated. Deprecated in Java
w: C:\Users\Piyush\AndroidStudioProjects\Klim8\app\src\main\java\klim8\fragment\footprint\FootPrintFragment.kt: (36, 18): 'getter for fragmentManager: FragmentManager?' is deprecated. Deprecated in Java
w: C:\Users\Piyush\AndroidStudioProjects\Klim8\app\src\main\java\klim8\fragment\footprint\Step1Fragment.kt: (32, 18): 'getter for fragmentManager: FragmentManager?' is deprecated. Deprecated in Java
w: C:\Users\Piyush\AndroidStudioProjects\Klim8\app\src\main\java\klim8\fragment\footprint\Step2Fragment.kt: (33, 22): 'getter for fragmentManager: FragmentManager?' is deprecated. Deprecated in Java
w: C:\Users\Piyush\AndroidStudioProjects\Klim8\app\src\main\java\klim8\fragment\footprint\Step3Fragment.kt: (27, 22): 'getter for fragmentManager: FragmentManager?' is deprecated. Deprecated in Java
w: C:\Users\Piyush\AndroidStudioProjects\Klim8\app\src\main\java\klim8\fragment\footprint\Step4Fragment.kt: (29, 26): 'getter for fragmentManager: FragmentManager?' is deprecated. Deprecated in Java
w: C:\Users\Piyush\AndroidStudioProjects\Klim8\app\src\main\java\klim8\fragment\footprint\Step5Fragment.kt: (28, 22): 'getter for fragmentManager: FragmentManager?' is deprecated. Deprecated in Java
w: C:\Users\Piyush\AndroidStudioProjects\Klim8\app\src\main\java\klim8\fragment\footprint\Step6Fragment.kt: (28, 23): 'getter for fragmentManager: FragmentManager?' is deprecated. Deprecated in Java
w: C:\Users\Piyush\AndroidStudioProjects\Klim8\app\src\main\java\klim8\fragment\footprint\Step7Fragment.kt: (29, 23): 'getter for fragmentManager: FragmentManager?' is deprecated. Deprecated in Java
w: C:\Users\Piyush\AndroidStudioProjects\Klim8\app\src\main\java\klim8\fragment\footprint\Step8Fragment.kt: (39, 23): 'getter for fragmentManager: FragmentManager?' is deprecated. Deprecated in Java
w: C:\Users\Piyush\AndroidStudioProjects\Klim8\app\src\main\java\klim8\fragment\footprint\Step9Fragment.kt: (34, 23): 'getter for fragmentManager: FragmentManager?' is deprecated. Deprecated in Java
w: C:\Users\Piyush\AndroidStudioProjects\Klim8\app\src\main\java\klim8\fragment\footprint\Step9Fragment.kt: (46, 98): Parameter 'compoundButton' is never used, could be renamed to _
w: C:\Users\Piyush\AndroidStudioProjects\Klim8\app\src\main\java\klim8\fragment\footprint\Step9Fragment.kt: (68, 96): Parameter 'compoundButton' is never used, could be renamed to _
w: C:\Users\Piyush\AndroidStudioProjects\Klim8\app\src\main\java\klim8\fragment\footprint\Step9Fragment.kt: (87, 96): Parameter 'compoundButton' is never used, could be renamed to _
w: C:\Users\Piyush\AndroidStudioProjects\Klim8\app\src\main\java\klim8\fragment\navi\ChallengeFragment.kt: (71, 23): 'getter for fragmentManager: FragmentManager?' is deprecated. Deprecated in Java
w: C:\Users\Piyush\AndroidStudioProjects\Klim8\app\src\main\java\klim8\fragment\navi\DeedsFragment.kt: (47, 23): 'requireFragmentManager(): FragmentManager' is deprecated. Deprecated in Java
w: C:\Users\Piyush\AndroidStudioProjects\Klim8\app\src\main\java\klim8\fragment\navi\RewardFragment.kt: (38, 21): 'requireFragmentManager(): FragmentManager' is deprecated. Deprecated in Java

Deprecated Gradle features were used in this build, making it incompatible with Gradle 8.0.

You can use '--warning-mode all' to show the individual deprecation warnings and determine if they come from your own scripts or plugins.

See https://docs.gradle.org/7.6/userguide/command_line_interface.html#sec:command_line_warnings

BUILD SUCCESSFUL in 3m 44s
64 actionable tasks: 43 executed, 21 up-to-date
2023-05-22T19:15:32.833+0530 [DEBUG] [org.gradle.launcher.daemon.server.exec.ExecuteBuild] The daemon has finished executing the build.
2023-05-22T19:15:32.838+0530 [DEBUG] [org.gradle.launcher.daemon.server.DaemonStateCoordinator] daemon is running. Sleeping until state changes.
2023-05-22T19:15:32.838+0530 [DEBUG] [org.gradle.launcher.daemon.server.DaemonStateCoordinator] Command execution: finished waiting for DaemonCommandExecution[command = Build{id=08e7ed95-cf83-49a2-b76d-e42abdccc273, currentDir=C:\Users\Piyush\AndroidStudioProjects\Klim8}, connection = DefaultDaemonConnection: socket connection from /127.0.0.1:49289 to /127.0.0.1:49290]. Result org.gradle.launcher.daemon.server.DaemonStateCoordinator@5b54631 with state Busy
2023-05-22T19:15:32.839+0530 [DEBUG] [org.gradle.launcher.daemon.server.DaemonStateCoordinator] Command execution: completed DaemonCommandExecution[command = Build{id=08e7ed95-cf83-49a2-b76d-e42abdccc273, currentDir=C:\Users\Piyush\AndroidStudioProjects\Klim8}, connection = DefaultDaemonConnection: socket connection from /127.0.0.1:49289 to /127.0.0.1:49290]
2023-05-22T19:15:32.839+0530 [DEBUG] [org.gradle.launcher.daemon.server.DaemonStateCoordinator] resetting idle timer
2023-05-22T19:15:32.840+0530 [INFO] [org.gradle.launcher.daemon.server.DaemonRegistryUpdater] Marking the daemon as idle, address: [6aa477b0-a451-46cb-9d92-34e1a868ac88 port:49289, addresses:[localhost/127.0.0.1]]
2023-05-22T19:15:32.840+0530 [DEBUG] [org.gradle.launcher.daemon.registry.PersistentDaemonRegistry] Marking busy by address: [6aa477b0-a451-46cb-9d92-34e1a868ac88 port:49289, addresses:[localhost/127.0.0.1]]
2023-05-22T19:15:32.842+0530 [DEBUG] [org.gradle.cache.internal.DefaultFileLockManager] Waiting to acquire exclusive lock on daemon addresses registry.
2023-05-22T19:15:32.843+0530 [DEBUG] [org.gradle.cache.internal.DefaultFileLockManager] Lock acquired on daemon addresses registry.
2023-05-22T19:15:32.845+0530 [DEBUG] [org.gradle.cache.internal.DefaultFileLockManager] Releasing lock on daemon addresses registry.
2023-05-22T19:15:32.846+0530 [DEBUG] [org.gradle.launcher.daemon.server.DaemonStateCoordinator] daemon is running. Sleeping until state changes.
2023-05-22T19:15:32.846+0530 [DEBUG] [org.gradle.launcher.daemon.server.exec.ReturnResult] Daemon is dispatching the build result: Success[value=org.gradle.launcher.exec.BuildActionResult@32c360c7]
2023-05-22T19:15:32.847+0530 [DEBUG] [org.gradle.launcher.daemon.server.SynchronizedDispatchConnection] thread 30: dispatching Success[value=org.gradle.launcher.exec.BuildActionResult@32c360c7]
2023-05-22T19:15:32.849+0530 [DEBUG] [org.gradle.launcher.daemon.server.SynchronizedDispatchConnection] thread 31: received class org.gradle.launcher.daemon.protocol.Finished
2023-05-22T19:15:32.850+0530 [DEBUG] [org.gradle.launcher.daemon.server.DefaultDaemonConnection] thread 31: Received non-IO message from client: org.gradle.launcher.daemon.protocol.Finished@62197a4a
2023-05-22T19:15:32.852+0530 [DEBUG] [org.gradle.internal.remote.internal.inet.SocketConnection] Discarding EOFException: java.io.EOFException
2023-05-22T19:15:32.852+0530 [DEBUG] [org.gradle.launcher.daemon.server.SynchronizedDispatchConnection] thread 31: received null
2023-05-22T19:15:32.853+0530 [DEBUG] [org.gradle.launcher.daemon.server.DefaultDaemonConnection] thread 31: Received end-of-input from client.
2023-05-22T19:15:32.865+0530 [DEBUG] [org.gradle.launcher.daemon.server.DefaultIncomingConnectionHandler] Finishing executing command: Build{id=08e7ed95-cf83-49a2-b76d-e42abdccc273, currentDir=C:\Users\Piyush\AndroidStudioProjects\Klim8}
2023-05-22T19:15:32.866+0530 [DEBUG] [org.gradle.launcher.daemon.server.DefaultIncomingConnectionHandler] Received finished message: null
2023-05-22T19:15:32.866+0530 [DEBUG] [org.gradle.launcher.daemon.server.SynchronizedDispatchConnection] thread 30: stopping connection
2023-05-22T19:15:32.868+0530 [DEBUG] [org.gradle.launcher.daemon.server.SynchronizedDispatchConnection] thread 30: stopping connection
2023-05-22T19:15:34.915+0530 [DEBUG] [org.gradle.process.internal.health.memory.DefaultMemoryManager] 846520320 memory requested, 814407680 free
2023-05-22T19:15:34.915+0530 [DEBUG] [org.gradle.workers.internal.WorkerDaemonExpiration] Will attempt to release 807 of memory
2023-05-22T19:15:34.915+0530 [DEBUG] [org.gradle.process.internal.health.memory.DefaultMemoryManager] 846520320 memory requested, 0 released, 814407680 free
2023-05-22T19:15:39.601+0530 [DEBUG] [org.gradle.cache.internal.DefaultFileLockManager] Waiting to acquire shared lock on daemon addresses registry.
2023-05-22T19:15:39.605+0530 [DEBUG] [org.gradle.cache.internal.DefaultFileLockManager] Lock acquired on daemon addresses registry.
2023-05-22T19:15:39.631+0530 [DEBUG] [org.gradle.cache.internal.DefaultFileLockManager] Releasing lock on daemon addresses registry.
2023-05-22T19:15:39.635+0530 [DEBUG] [org.gradle.cache.internal.DefaultFileLockManager] Waiting to acquire shared lock on daemon addresses registry.
2023-05-22T19:15:39.636+0530 [DEBUG] [org.gradle.cache.internal.DefaultFileLockManager] Lock acquired on daemon addresses registry.
2023-05-22T19:15:39.637+0530 [DEBUG] [org.gradle.cache.internal.DefaultFileLockManager] Releasing lock on daemon addresses registry.
2023-05-22T19:15:39.920+0530 [DEBUG] [org.gradle.process.internal.health.memory.DefaultMemoryManager] 846520320 memory requested, 521428992 free
2023-05-22T19:15:39.922+0530 [DEBUG] [org.gradle.workers.internal.WorkerDaemonExpiration] Will attempt to release 807 of memory
2023-05-22T19:15:39.922+0530 [DEBUG] [org.gradle.process.internal.health.memory.DefaultMemoryManager] 846520320 memory requested, 0 released, 521428992 free
2023-05-22T19:15:44.916+0530 [DEBUG] [org.gradle.process.internal.health.memory.DefaultMemoryManager] 846520320 memory requested, 621584384 free
2023-05-22T19:15:44.916+0530 [DEBUG] [org.gradle.workers.internal.WorkerDaemonExpiration] Will attempt to release 807 of memory
2023-05-22T19:15:44.916+0530 [DEBUG] [org.gradle.process.internal.health.memory.DefaultMemoryManager] 846520320 memory requested, 0 released, 621584384 free
2023-05-22T19:15:49.587+0530 [DEBUG] [org.gradle.cache.internal.DefaultFileLockManager] Waiting to acquire shared lock on daemon addresses registry.
2023-05-22T19:15:49.588+0530 [DEBUG] [org.gradle.cache.internal.DefaultFileLockManager] Lock acquired on daemon addresses registry.
2023-05-22T19:15:49.588+0530 [DEBUG] [org.gradle.cache.internal.DefaultFileLockManager] Releasing lock on daemon addresses registry.
2023-05-22T19:15:49.590+0530 [DEBUG] [org.gradle.cache.internal.DefaultFileLockManager] Waiting to acquire shared lock on daemon addresses registry.
2023-05-22T19:15:49.590+0530 [DEBUG] [org.gradle.cache.internal.DefaultFileLockManager] Lock acquired on daemon addresses registry.
2023-05-22T19:15:49.590+0530 [DEBUG] [org.gradle.cache.internal.DefaultFileLockManager] Releasing lock on daemon addresses registry.
2023-05-22T19:15:49.592+0530 [DEBUG] [org.gradle.cache.internal.DefaultFileLockManager] Waiting to acquire shared lock on daemon addresses registry.
2023-05-22T19:15:49.592+0530 [DEBUG] [org.gradle.cache.internal.DefaultFileLockManager] Lock acquired on daemon addresses registry.
2023-05-22T19:15:49.592+0530 [DEBUG] [org.gradle.cache.internal.DefaultFileLockManager] Releasing lock on daemon addresses registry.
2023-05-22T19:15:49.914+0530 [DEBUG] [org.gradle.process.internal.health.memory.DefaultMemoryManager] 846520320 memory requested, 529731584 free
2023-05-22T19:15:49.914+0530 [DEBUG] [org.gradle.workers.internal.WorkerDaemonExpiration] Will attempt to release 807 of memory
2023-05-22T19:15:49.915+0530 [DEBUG] [org.gradle.process.internal.health.memory.DefaultMemoryManager] 846520320 memory requested, 0 released, 529731584 free
2023-05-22T19:15:52.660+0530 [DEBUG] [sun.rmi.transport.tcp] RMI Scheduler(0): close connection, socket: Socket[addr=localhost/127.0.0.1,port=17337,localport=49471]
2023-05-22T19:15:52.684+0530 [DEBUG] [sun.rmi.transport.tcp] RMI Scheduler(0): close connection, socket: Socket[addr=localhost/127.0.0.1,port=17337,localport=49478]
2023-05-22T19:15:52.706+0530 [DEBUG] [sun.rmi.transport.tcp] RMI TCP Connection(3)-127.0.0.1: (port 49402) connection closed
2023-05-22T19:15:52.707+0530 [DEBUG] [sun.rmi.transport.tcp] RMI TCP Connection(3)-127.0.0.1: close connection, socket: Socket[addr=/127.0.0.1,port=49473,localport=49402]
2023-05-22T19:15:52.707+0530 [DEBUG] [sun.rmi.transport.tcp] RMI TCP Connection(3)-127.0.0.1: socket close: Socket[addr=/127.0.0.1,port=49473,localport=49402]
2023-05-22T19:15:54.914+0530 [DEBUG] [org.gradle.process.internal.health.memory.DefaultMemoryManager] 846520320 memory requested, 573472768 free
2023-05-22T19:15:54.914+0530 [DEBUG] [org.gradle.workers.internal.WorkerDaemonExpiration] Will attempt to release 807 of memory
2023-05-22T19:15:54.914+0530 [DEBUG] [org.gradle.process.internal.health.memory.DefaultMemoryManager] 846520320 memory requested, 0 released, 573472768 free
2023-05-22T19:15:59.586+0530 [DEBUG] [org.gradle.cache.internal.DefaultFileLockManager] Waiting to acquire shared lock on daemon addresses registry.
2023-05-22T19:15:59.587+0530 [DEBUG] [org.gradle.cache.internal.DefaultFileLockManager] Lock acquired on daemon addresses registry.
2023-05-22T19:15:59.587+0530 [DEBUG] [org.gradle.cache.internal.DefaultFileLockManager] Releasing lock on daemon addresses registry.
2023-05-22T19:15:59.589+0530 [DEBUG] [org.gradle.cache.internal.DefaultFileLockManager] Waiting to acquire shared lock on daemon addresses registry.
2023-05-22T19:15:59.589+0530 [DEBUG] [org.gradle.cache.internal.DefaultFileLockManager] Lock acquired on daemon addresses registry.
2023-05-22T19:15:59.590+0530 [DEBUG] [org.gradle.cache.internal.DefaultFileLockManager] Releasing lock on daemon addresses registry.
2023-05-22T19:15:59.591+0530 [DEBUG] [org.gradle.cache.internal.DefaultFileLockManager] Waiting to acquire shared lock on daemon addresses registry.
2023-05-22T19:15:59.591+0530 [DEBUG] [org.gradle.cache.internal.DefaultFileLockManager] Lock acquired on daemon addresses registry.
2023-05-22T19:15:59.592+0530 [DEBUG] [org.gradle.cache.internal.DefaultFileLockManager] Releasing lock on daemon addresses registry.
2023-05-22T19:15:59.915+0530 [DEBUG] [org.gradle.process.internal.health.memory.DefaultMemoryManager] 846520320 memory requested, 580632576 free
2023-05-22T19:15:59.915+0530 [DEBUG] [org.gradle.workers.internal.WorkerDaemonExpiration] Will attempt to release 807 of memory
2023-05-22T19:15:59.916+0530 [DEBUG] [org.gradle.process.internal.health.memory.DefaultMemoryManager] 846520320 memory requested, 0 released, 580632576 free
2023-05-22T19:16:04.915+0530 [DEBUG] [org.gradle.process.internal.health.memory.DefaultMemoryManager] 846520320 memory requested, 563576832 free
2023-05-22T19:16:04.915+0530 [DEBUG] [org.gradle.workers.internal.WorkerDaemonExpiration] Will attempt to release 807 of memory
2023-05-22T19:16:04.915+0530 [DEBUG] [org.gradle.process.internal.health.memory.DefaultMemoryManager] 846520320 memory requested, 0 released, 563576832 free
2023-05-22T19:16:09.586+0530 [DEBUG] [org.gradle.cache.internal.DefaultFileLockManager] Waiting to acquire shared lock on daemon addresses registry.
2023-05-22T19:16:09.587+0530 [DEBUG] [org.gradle.cache.internal.DefaultFileLockManager] Lock acquired on daemon addresses registry.
2023-05-22T19:16:09.587+0530 [DEBUG] [org.gradle.cache.internal.DefaultFileLockManager] Releasing lock on daemon addresses registry.
2023-05-22T19:16:09.589+0530 [DEBUG] [org.gradle.cache.internal.DefaultFileLockManager] Waiting to acquire shared lock on daemon addresses registry.
2023-05-22T19:16:09.589+0530 [DEBUG] [org.gradle.cache.internal.DefaultFileLockManager] Lock acquired on daemon addresses registry.
2023-05-22T19:16:09.589+0530 [DEBUG] [org.gradle.cache.internal.DefaultFileLockManager] Releasing lock on daemon addresses registry.
2023-05-22T19:16:09.591+0530 [DEBUG] [org.gradle.cache.internal.DefaultFileLockManager] Waiting to acquire shared lock on daemon addresses registry.
2023-05-22T19:16:09.591+0530 [DEBUG] [org.gradle.cache.internal.DefaultFileLockManager] Lock acquired on daemon addresses registry.
2023-05-22T19:16:09.592+0530 [DEBUG] [org.gradle.cache.internal.DefaultFileLockManager] Releasing lock on daemon addresses registry.
2023-05-22T19:16:09.914+0530 [DEBUG] [org.gradle.process.internal.health.memory.DefaultMemoryManager] 846520320 memory requested, 585560064 free
2023-05-22T19:16:09.914+0530 [DEBUG] [org.gradle.workers.internal.WorkerDaemonExpiration] Will attempt to release 807 of memory
2023-05-22T19:16:09.915+0530 [DEBUG] [org.gradle.process.internal.health.memory.DefaultMemoryManager] 846520320 memory requested, 0 released, 585560064 free
2023-05-22T19:16:14.914+0530 [DEBUG] [org.gradle.process.internal.health.memory.DefaultMemoryManager] 846520320 memory requested, 612626432 free
2023-05-22T19:16:14.915+0530 [DEBUG] [org.gradle.workers.internal.WorkerDaemonExpiration] Will attempt to release 807 of memory
2023-05-22T19:16:14.915+0530 [DEBUG] [org.gradle.process.internal.health.memory.DefaultMemoryManager] 846520320 memory requested, 0 released, 612626432 free
2023-05-22T19:16:19.587+0530 [DEBUG] [org.gradle.cache.internal.DefaultFileLockManager] Waiting to acquire shared lock on daemon addresses registry.
2023-05-22T19:16:19.587+0530 [DEBUG] [org.gradle.cache.internal.DefaultFileLockManager] Lock acquired on daemon addresses registry.
2023-05-22T19:16:19.588+0530 [DEBUG] [org.gradle.cache.internal.DefaultFileLockManager] Releasing lock on daemon addresses registry.
2023-05-22T19:16:19.589+0530 [DEBUG] [org.gradle.cache.internal.DefaultFileLockManager] Waiting to acquire shared lock on daemon addresses registry.
2023-05-22T19:16:19.589+0530 [DEBUG] [org.gradle.cache.internal.DefaultFileLockManager] Lock acquired on daemon addresses registry.
2023-05-22T19:16:19.590+0530 [DEBUG] [org.gradle.cache.internal.DefaultFileLockManager] Releasing lock on daemon addresses registry.
2023-05-22T19:16:19.591+0530 [DEBUG] [org.gradle.cache.internal.DefaultFileLockManager] Waiting to acquire shared lock on daemon addresses registry.
2023-05-22T19:16:19.591+0530 [DEBUG] [org.gradle.cache.internal.DefaultFileLockManager] Lock acquired on daemon addresses registry.
2023-05-22T19:16:19.591+0530 [DEBUG] [org.gradle.cache.internal.DefaultFileLockManager] Releasing lock on daemon addresses registry.
2023-05-22T19:16:19.915+0530 [DEBUG] [org.gradle.process.internal.health.memory.DefaultMemoryManager] 846520320 memory requested, 675262464 free
2023-05-22T19:16:19.915+0530 [DEBUG] [org.gradle.workers.internal.WorkerDaemonExpiration] Will attempt to release 807 of memory
2023-05-22T19:16:19.915+0530 [DEBUG] [org.gradle.process.internal.health.memory.DefaultMemoryManager] 846520320 memory requested, 0 released, 675262464 free
2023-05-22T19:16:24.914+0530 [DEBUG] [org.gradle.process.internal.health.memory.DefaultMemoryManager] 846520320 memory requested, 670601216 free
2023-05-22T19:16:24.914+0530 [DEBUG] [org.gradle.workers.internal.WorkerDaemonExpiration] Will attempt to release 807 of memory
2023-05-22T19:16:24.914+0530 [DEBUG] [org.gradle.process.internal.health.memory.DefaultMemoryManager] 846520320 memory requested, 0 released, 670601216 free
2023-05-22T19:16:29.586+0530 [DEBUG] [org.gradle.cache.internal.DefaultFileLockManager] Waiting to acquire shared lock on daemon addresses registry.
2023-05-22T19:16:29.586+0530 [DEBUG] [org.gradle.cache.internal.DefaultFileLockManager] Lock acquired on daemon addresses registry.
2023-05-22T19:16:29.587+0530 [DEBUG] [org.gradle.cache.internal.DefaultFileLockManager] Releasing lock on daemon addresses registry.
2023-05-22T19:16:29.588+0530 [DEBUG] [org.gradle.cache.internal.DefaultFileLockManager] Waiting to acquire shared lock on daemon addresses registry.
2023-05-22T19:16:29.588+0530 [DEBUG] [org.gradle.cache.internal.DefaultFileLockManager] Lock acquired on daemon addresses registry.
2023-05-22T19:16:29.589+0530 [DEBUG] [org.gradle.cache.internal.DefaultFileLockManager] Releasing lock on daemon addresses registry.
2023-05-22T19:16:29.590+0530 [DEBUG] [org.gradle.cache.internal.DefaultFileLockManager] Waiting to acquire shared lock on daemon addresses registry.
2023-05-22T19:16:29.590+0530 [DEBUG] [org.gradle.cache.internal.DefaultFileLockManager] Lock acquired on daemon addresses registry.
2023-05-22T19:16:29.591+0530 [DEBUG] [org.gradle.cache.internal.DefaultFileLockManager] Releasing lock on daemon addresses registry.
2023-05-22T19:16:29.914+0530 [DEBUG] [org.gradle.process.internal.health.memory.DefaultMemoryManager] 846520320 memory requested, 634511360 free
2023-05-22T19:16:29.914+0530 [DEBUG] [org.gradle.workers.internal.WorkerDaemonExpiration] Will attempt to release 807 of memory
2023-05-22T19:16:29.915+0530 [DEBUG] [org.gradle.process.internal.health.memory.DefaultMemoryManager] 846520320 memory requested, 0 released, 634511360 free
2023-05-22T19:16:34.914+0530 [DEBUG] [org.gradle.process.internal.health.memory.DefaultMemoryManager] 846520320 memory requested, 630435840 free
2023-05-22T19:16:34.915+0530 [DEBUG] [org.gradle.workers.internal.WorkerDaemonExpiration] Will attempt to release 807 of memory
2023-05-22T19:16:34.915+0530 [DEBUG] [org.gradle.process.internal.health.memory.DefaultMemoryManager] 846520320 memory requested, 0 released, 630435840 free
2023-05-22T19:16:39.587+0530 [DEBUG] [org.gradle.cache.internal.DefaultFileLockManager] Waiting to acquire shared lock on daemon addresses registry.
2023-05-22T19:16:39.587+0530 [DEBUG] [org.gradle.cache.internal.DefaultFileLockManager] Lock acquired on daemon addresses registry.
2023-05-22T19:16:39.587+0530 [DEBUG] [org.gradle.cache.internal.DefaultFileLockManager] Releasing lock on daemon addresses registry.
2023-05-22T19:16:39.590+0530 [DEBUG] [org.gradle.cache.internal.DefaultFileLockManager] Waiting to acquire shared lock on daemon addresses registry.
2023-05-22T19:16:39.590+0530 [DEBUG] [org.gradle.cache.internal.DefaultFileLockManager] Lock acquired on daemon addresses registry.
2023-05-22T19:16:39.591+0530 [DEBUG] [org.gradle.cache.internal.DefaultFileLockManager] Releasing lock on daemon addresses registry.
2023-05-22T19:16:39.596+0530 [DEBUG] [org.gradle.cache.internal.DefaultFileLockManager] Waiting to acquire shared lock on daemon addresses registry.
2023-05-22T19:16:39.596+0530 [DEBUG] [org.gradle.cache.internal.DefaultFileLockManager] Lock acquired on daemon addresses registry.
2023-05-22T19:16:39.597+0530 [DEBUG] [org.gradle.cache.internal.DefaultFileLockManager] Releasing lock on daemon addresses registry.
2023-05-22T19:16:39.915+0530 [DEBUG] [org.gradle.process.internal.health.memory.DefaultMemoryManager] 846520320 memory requested, 635084800 free
2023-05-22T19:16:39.916+0530 [DEBUG] [org.gradle.workers.internal.WorkerDaemonExpiration] Will attempt to release 807 of memory
2023-05-22T19:16:39.916+0530 [DEBUG] [org.gradle.process.internal.health.memory.DefaultMemoryManager] 846520320 memory requested, 0 released, 635084800 free
2023-05-22T19:16:44.915+0530 [DEBUG] [org.gradle.process.internal.health.memory.DefaultMemoryManager] 846520320 memory requested, 613666816 free
2023-05-22T19:16:44.915+0530 [DEBUG] [org.gradle.workers.internal.WorkerDaemonExpiration] Will attempt to release 807 of memory
2023-05-22T19:16:44.916+0530 [DEBUG] [org.gradle.process.internal.health.memory.DefaultMemoryManager] 846520320 memory requested, 0 released, 613666816 free
2023-05-22T19:16:46.848+0530 [DEBUG] [org.gradle.internal.remote.internal.inet.TcpIncomingConnector] Accepted connection from /127.0.0.1:49571 to /127.0.0.1:49289.
2023-05-22T19:16:46.886+0530 [DEBUG] [org.gradle.launcher.daemon.server.SynchronizedDispatchConnection] thread 144: received class org.gradle.launcher.daemon.protocol.StopWhenIdle
2023-05-22T19:16:46.887+0530 [DEBUG] [org.gradle.launcher.daemon.server.DefaultDaemonConnection] thread 144: Received non-IO message from client: StopWhenIdle[id=f55ee8cc-25af-4cf0-8b1a-c6edf3c1fe59]
2023-05-22T19:16:46.889+0530 [INFO] [org.gradle.launcher.daemon.server.DefaultIncomingConnectionHandler] Received command: StopWhenIdle[id=f55ee8cc-25af-4cf0-8b1a-c6edf3c1fe59].
2023-05-22T19:16:46.889+0530 [DEBUG] [org.gradle.launcher.daemon.server.DefaultIncomingConnectionHandler] Starting executing command: StopWhenIdle[id=f55ee8cc-25af-4cf0-8b1a-c6edf3c1fe59] with connection: socket connection from /127.0.0.1:49289 to /127.0.0.1:49571.
2023-05-22T19:16:46.890+0530 [DEBUG] [org.gradle.launcher.daemon.server.DaemonRegistryUpdater] Storing daemon stop event: stop command received
2023-05-22T19:16:46.890+0530 [DEBUG] [org.gradle.launcher.daemon.registry.PersistentDaemonRegistry] Storing daemon stop event with timestamp 1684763206890
2023-05-22T19:16:46.893+0530 [DEBUG] [org.gradle.cache.internal.DefaultFileLockManager] Waiting to acquire exclusive lock on daemon addresses registry.
2023-05-22T19:16:46.893+0530 [DEBUG] [org.gradle.cache.internal.DefaultFileLockManager] Lock acquired on daemon addresses registry.
2023-05-22T19:16:46.895+0530 [DEBUG] [org.gradle.cache.internal.DefaultFileLockManager] Releasing lock on daemon addresses registry.
2023-05-22T19:16:46.896+0530 [LIFECYCLE] [org.gradle.launcher.daemon.server.DaemonStateCoordinator] Daemon will be stopped at the end of the build stop command received
2023-05-22T19:16:46.896+0530 [DEBUG] [org.gradle.launcher.daemon.server.DaemonStateCoordinator] Marking daemon stopped due to stop command received. The daemon is running a build: false
2023-05-22T19:16:46.897+0530 [DEBUG] [org.gradle.launcher.daemon.server.DaemonStateCoordinator] daemon has stopped.
2023-05-22T19:16:46.897+0530 [DEBUG] [org.gradle.launcher.daemon.server.SynchronizedDispatchConnection] thread 143: dispatching Success[value=null]
2023-05-22T19:16:46.898+0530 [DEBUG] [org.gradle.launcher.daemon.server.SynchronizedDispatchConnection] thread 144: received class org.gradle.launcher.daemon.protocol.Finished
2023-05-22T19:16:46.898+0530 [DEBUG] [org.gradle.launcher.daemon.server.DefaultDaemonConnection] thread 144: Received non-IO message from client: org.gradle.launcher.daemon.protocol.Finished@14fe9b35
2023-05-22T19:16:46.897+0530 [DEBUG] [org.gradle.launcher.daemon.server.Daemon] stop() called on daemon
2023-05-22T19:16:46.899+0530 [DEBUG] [org.gradle.internal.remote.internal.inet.SocketConnection] Discarding EOFException: java.io.EOFException
2023-05-22T19:16:46.898+0530 [DEBUG] [org.gradle.launcher.daemon.server.DefaultIncomingConnectionHandler] Finishing executing command: StopWhenIdle[id=f55ee8cc-25af-4cf0-8b1a-c6edf3c1fe59]
2023-05-22T19:16:46.899+0530 [DEBUG] [org.gradle.launcher.daemon.server.SynchronizedDispatchConnection] thread 144: received null
2023-05-22T19:16:46.899+0530 [DEBUG] [org.gradle.launcher.daemon.server.DefaultIncomingConnectionHandler] Received finished message: org.gradle.launcher.daemon.protocol.Finished@14fe9b35
2023-05-22T19:16:46.900+0530 [DEBUG] [org.gradle.launcher.daemon.server.SynchronizedDispatchConnection] thread 143: stopping connection
2023-05-22T19:16:46.899+0530 [INFO] [org.gradle.launcher.daemon.server.Daemon] Stop requested. Daemon is removing its presence from the registry...
2023-05-22T19:16:46.900+0530 [DEBUG] [org.gradle.launcher.daemon.server.DefaultDaemonConnection] thread 144: Received end-of-input from client.
2023-05-22T19:16:46.901+0530 [DEBUG] [org.gradle.launcher.daemon.server.DaemonRegistryUpdater] Removing our presence to clients, eg. removing this address from the registry: [6aa477b0-a451-46cb-9d92-34e1a868ac88 port:49289, addresses:[localhost/127.0.0.1]]
2023-05-22T19:16:46.901+0530 [DEBUG] [org.gradle.launcher.daemon.registry.PersistentDaemonRegistry] Removing daemon address: [6aa477b0-a451-46cb-9d92-34e1a868ac88 port:49289, addresses:[localhost/127.0.0.1]]
2023-05-22T19:16:46.901+0530 [DEBUG] [org.gradle.launcher.daemon.server.SynchronizedDispatchConnection] thread 143: stopping connection
2023-05-22T19:16:46.914+0530 [DEBUG] [org.gradle.cache.internal.DefaultFileLockManager] Waiting to acquire exclusive lock on daemon addresses registry.
2023-05-22T19:16:46.915+0530 [DEBUG] [org.gradle.cache.internal.DefaultFileLockManager] Lock acquired on daemon addresses registry.
2023-05-22T19:16:46.952+0530 [DEBUG] [org.gradle.cache.internal.DefaultFileLockManager] Releasing lock on daemon addresses registry.
2023-05-22T19:16:46.970+0530 [DEBUG] [org.gradle.launcher.daemon.server.DaemonRegistryUpdater] Address removed from registry.
2023-05-22T19:16:46.981+0530 [DEBUG] [org.gradle.cache.internal.LockOnDemandCrossProcessCacheAccess] Releasing file lock for jars (C:\Users\Piyush\AndroidStudioProjects\Klim8\caches\jars-9)
2023-05-22T19:16:46.982+0530 [DEBUG] [org.gradle.cache.internal.DefaultFileLockManager] Releasing lock on jars (C:\Users\Piyush\AndroidStudioProjects\Klim8\caches\jars-9).
2023-05-22T19:16:46.984+0530 [DEBUG] [org.gradle.cache.internal.DefaultPersistentDirectoryStore] jars (C:\Users\Piyush\AndroidStudioProjects\Klim8\caches\jars-9) has last been fully cleaned up 7 hours ago
2023-05-22T19:16:46.988+0530 [DEBUG] [org.gradle.cache.internal.LockOnDemandCrossProcessCacheAccess] Releasing file lock for Artifact transforms cache (C:\Users\Piyush\AndroidStudioProjects\Klim8\caches\transforms-3)
2023-05-22T19:16:46.991+0530 [DEBUG] [org.gradle.cache.internal.DefaultFileLockManager] Releasing lock on Artifact transforms cache (C:\Users\Piyush\AndroidStudioProjects\Klim8\caches\transforms-3).
2023-05-22T19:16:47.014+0530 [DEBUG] [org.gradle.cache.internal.DefaultPersistentDirectoryStore] Artifact transforms cache (C:\Users\Piyush\AndroidStudioProjects\Klim8\caches\transforms-3) has last been fully cleaned up 7 hours ago
2023-05-22T19:16:47.142+0530 [DEBUG] [org.gradle.cache.internal.LockOnDemandCrossProcessCacheAccess] Releasing file lock for file content cache (C:\Users\Piyush\AndroidStudioProjects\Klim8\caches\7.6\fileContent)
2023-05-22T19:16:47.143+0530 [DEBUG] [org.gradle.cache.internal.DefaultFileLockManager] Releasing lock on file content cache (C:\Users\Piyush\AndroidStudioProjects\Klim8\caches\7.6\fileContent).
2023-05-22T19:16:47.144+0530 [DEBUG] [org.gradle.internal.watch.vfs.impl.WatchingVirtualFileSystem] Closing VFS, dropping state
2023-05-22T19:16:47.161+0530 [DEBUG] [org.gradle.cache.internal.DefaultCacheAccess] Cache Generated Gradle JARs cache (C:\Users\Piyush\AndroidStudioProjects\Klim8\caches\7.6\generated-gradle-jars) was closed 0 times.
2023-05-22T19:16:47.161+0530 [DEBUG] [org.gradle.internal.watch.registry.impl.DefaultFileWatcherRegistry] Finished listening to file system change events
2023-05-22T19:16:47.162+0530 [DEBUG] [org.gradle.cache.internal.LockOnDemandCrossProcessCacheAccess] Releasing file lock for artifact cache (C:\Users\Piyush\AndroidStudioProjects\Klim8\caches\modules-2)
2023-05-22T19:16:47.162+0530 [DEBUG] [org.gradle.cache.internal.btree.BTreePersistentIndexedCache] Closing cache module-metadata.bin (C:\Users\Piyush\AndroidStudioProjects\Klim8\caches\modules-2\metadata-2.99\module-metadata.bin)
2023-05-22T19:16:47.163+0530 [DEBUG] [org.gradle.cache.internal.btree.BTreePersistentIndexedCache] Closing cache module-artifact.bin (C:\Users\Piyush\AndroidStudioProjects\Klim8\caches\modules-2\metadata-2.99\module-artifact.bin)
2023-05-22T19:16:47.163+0530 [DEBUG] [org.gradle.cache.internal.DefaultFileLockManager] Releasing lock on artifact cache (C:\Users\Piyush\AndroidStudioProjects\Klim8\caches\modules-2).
2023-05-22T19:16:47.164+0530 [DEBUG] [org.gradle.cache.internal.DefaultPersistentDirectoryStore] artifact cache (C:\Users\Piyush\AndroidStudioProjects\Klim8\caches\modules-2) has last been fully cleaned up 7 hours ago
2023-05-22T19:16:47.167+0530 [DEBUG] [org.gradle.cache.internal.LockOnDemandCrossProcessCacheAccess] Releasing file lock for journal cache (C:\Users\Piyush\AndroidStudioProjects\Klim8\caches\journal-1)
2023-05-22T19:16:47.168+0530 [DEBUG] [org.gradle.cache.internal.btree.BTreePersistentIndexedCache] Closing cache file-access.bin (C:\Users\Piyush\AndroidStudioProjects\Klim8\caches\journal-1\file-access.bin)
2023-05-22T19:16:47.170+0530 [DEBUG] [org.gradle.cache.internal.DefaultFileLockManager] Releasing lock on journal cache (C:\Users\Piyush\AndroidStudioProjects\Klim8\caches\journal-1).
2023-05-22T19:16:47.179+0530 [DEBUG] [org.gradle.cache.internal.LockOnDemandCrossProcessCacheAccess] Releasing file lock for file hash cache (C:\Users\Piyush\AndroidStudioProjects\Klim8\caches\7.6\fileHashes)
2023-05-22T19:16:47.181+0530 [DEBUG] [org.gradle.cache.internal.btree.BTreePersistentIndexedCache] Closing cache fileHashes.bin (C:\Users\Piyush\AndroidStudioProjects\Klim8\caches\7.6\fileHashes\fileHashes.bin)
2023-05-22T19:16:47.181+0530 [DEBUG] [org.gradle.cache.internal.btree.BTreePersistentIndexedCache] Closing cache resourceHashesCache.bin (C:\Users\Piyush\AndroidStudioProjects\Klim8\caches\7.6\fileHashes\resourceHashesCache.bin)
2023-05-22T19:16:47.182+0530 [DEBUG] [org.gradle.cache.internal.DefaultFileLockManager] Releasing lock on file hash cache (C:\Users\Piyush\AndroidStudioProjects\Klim8\caches\7.6\fileHashes).
2023-05-22T19:16:47.187+0530 [DEBUG] [org.gradle.cache.internal.LockOnDemandCrossProcessCacheAccess] Releasing file lock for execution history cache (C:\Users\Piyush\AndroidStudioProjects\Klim8\caches\7.6\executionHistory)
2023-05-22T19:16:47.188+0530 [DEBUG] [org.gradle.cache.internal.btree.BTreePersistentIndexedCache] Closing cache executionHistory.bin (C:\Users\Piyush\AndroidStudioProjects\Klim8\caches\7.6\executionHistory\executionHistory.bin)
2023-05-22T19:16:47.188+0530 [DEBUG] [org.gradle.cache.internal.DefaultFileLockManager] Releasing lock on execution history cache (C:\Users\Piyush\AndroidStudioProjects\Klim8\caches\7.6\executionHistory).
2023-05-22T19:16:47.190+0530 [DEBUG] [org.gradle.cache.internal.LockOnDemandCrossProcessCacheAccess] Releasing file lock for Java compile cache (C:\Users\Piyush\AndroidStudioProjects\Klim8\caches\7.6\javaCompile)
2023-05-22T19:16:47.190+0530 [DEBUG] [org.gradle.cache.internal.btree.BTreePersistentIndexedCache] Closing cache jarAnalysis.bin (C:\Users\Piyush\AndroidStudioProjects\Klim8\caches\7.6\javaCompile\jarAnalysis.bin)
2023-05-22T19:16:47.190+0530 [DEBUG] [org.gradle.cache.internal.btree.BTreePersistentIndexedCache] Closing cache classAnalysis.bin (C:\Users\Piyush\AndroidStudioProjects\Klim8\caches\7.6\javaCompile\classAnalysis.bin)
2023-05-22T19:16:47.194+0530 [DEBUG] [org.gradle.cache.internal.DefaultFileLockManager] Releasing lock on Java compile cache (C:\Users\Piyush\AndroidStudioProjects\Klim8\caches\7.6\javaCompile).
2023-05-22T19:16:47.199+0530 [DEBUG] [org.gradle.launcher.daemon.registry.PersistentDaemonRegistry] Removing daemon address: [6aa477b0-a451-46cb-9d92-34e1a868ac88 port:49289, addresses:[localhost/127.0.0.1]]
Daemon vm is shutting down... The daemon has exited normally or was terminated in response to a user interrupt.
2023-05-22T19:16:47.211+0530 [DEBUG] [org.gradle.cache.internal.DefaultFileLockManager] Waiting to acquire exclusive lock on daemon addresses registry.
2023-05-22T19:16:47.211+0530 [DEBUG] [org.gradle.cache.internal.DefaultFileLockManager] Lock acquired on daemon addresses registry.
2023-05-22T19:16:47.223+0530 [DEBUG] [org.gradle.cache.internal.DefaultFileLockManager] Releasing lock on daemon addresses registry.
